\BOOKMARK [0][-]{chapter.1}{Introduction : }{}% 1
\BOOKMARK [1][-]{section.1.1}{Probl\351matique : }{chapter.1}% 2
\BOOKMARK [1][-]{section.1.2}{D\351finitions}{chapter.1}% 3
\BOOKMARK [2][-]{subsection.1.2.1}{Probl\350me SAT}{section.1.2}% 4
\BOOKMARK [2][-]{subsection.1.2.2}{Strat\351gie de recherche dans l'espace des \351tats}{section.1.2}% 5
\BOOKMARK [2][-]{subsection.1.2.3}{Strat\351gie de rercherche aveugle}{section.1.2}% 6
\BOOKMARK [2][-]{subsection.1.2.4}{Strat\351gie de rercherche guid\351e}{section.1.2}% 7
\BOOKMARK [0][-]{chapter.2}{Impl\351mentation}{}% 8
\BOOKMARK [1][-]{section.2.1}{Structures de donn\351es}{chapter.2}% 9
\BOOKMARK [2][-]{subsection.2.1.1}{Repr\351sentation du probl\350me SAT}{section.2.1}% 10
\BOOKMARK [2][-]{subsection.2.1.2}{Repr\351sentation des \351tats}{section.2.1}% 11
\BOOKMARK [2][-]{subsection.2.1.3}{D\351veloppement des \351tats}{section.2.1}% 12
\BOOKMARK [1][-]{section.2.2}{Conception et pseudo-code}{chapter.2}% 13
\BOOKMARK [2][-]{subsection.2.2.1}{Gestion de la liste open}{section.2.2}% 14
\BOOKMARK [2][-]{subsection.2.2.2}{Fonction d'\351valuation}{section.2.2}% 15
\BOOKMARK [2][-]{subsection.2.2.3}{\311valuateur SAT}{section.2.2}% 16
\BOOKMARK [0][-]{chapter.3}{Exp\351rimentations}{}% 17
\BOOKMARK [1][-]{section.3.1}{Donn\351s}{chapter.3}% 18
\BOOKMARK [2][-]{subsection.3.1.1}{Format DIMACS}{section.3.1}% 19
\BOOKMARK [2][-]{subsection.3.1.2}{Example}{section.3.1}% 20
\BOOKMARK [2][-]{subsection.3.1.3}{Type d'instances}{section.3.1}% 21
\BOOKMARK [1][-]{section.3.2}{Environement de travail}{chapter.3}% 22
\BOOKMARK [2][-]{subsection.3.2.1}{Machines}{section.3.2}% 23
\BOOKMARK [2][-]{subsection.3.2.2}{Outils utilis\351s}{section.3.2}% 24
\BOOKMARK [1][-]{section.3.3}{R\351sultats}{chapter.3}% 25
\BOOKMARK [2][-]{subsection.3.3.1}{En largeur d'abord :}{section.3.3}% 26
\BOOKMARK [2][-]{subsection.3.3.2}{Par profondeur d'abord :}{section.3.3}% 27
\BOOKMARK [2][-]{subsection.3.3.3}{Cout uniforme}{section.3.3}% 28
\BOOKMARK [2][-]{subsection.3.3.4}{Recherche gloutonne}{section.3.3}% 29
\BOOKMARK [2][-]{subsection.3.3.5}{Algorithme A*}{section.3.3}% 30
\BOOKMARK [1][-]{section.3.4}{Statistiques}{chapter.3}% 31
\BOOKMARK [1][-]{section.3.5}{Comparaison entres les quatres m\351thodes}{chapter.3}% 32
\BOOKMARK [0][-]{chapter.4}{Conclusion}{}% 33
